[0.134s] DEBUG:colcon:Command line arguments: ['/usr/bin/colcon', 'build', '--symlink-install']
[0.134s] DEBUG:colcon:Parsed command line arguments: Namespace(ament_cmake_args=None, base_paths=['.'], build_base='build', catkin_cmake_args=None, catkin_skip_building_tests=False, cmake_args=None, cmake_clean_cache=False, cmake_clean_first=False, cmake_force_configure=False, cmake_target=None, cmake_target_skip_unavailable=False, continue_on_error=False, event_handlers=None, executor='parallel', ignore_user_meta=False, install_base='install', log_base=None, log_level=None, main=<bound method BuildVerb.main of <colcon_core.verb.build.BuildVerb object at 0x7fef67e2f220>>, merge_install=False, metas=['./colcon.meta'], mixin=None, mixin_files=None, mixin_verb=('build',), packages_above=None, packages_above_and_dependencies=None, packages_above_depth=None, packages_end=None, packages_ignore=None, packages_ignore_regex=None, packages_select=None, packages_select_build_failed=False, packages_select_by_dep=None, packages_select_regex=None, packages_select_test_failures=False, packages_skip=None, packages_skip_build_finished=False, packages_skip_by_dep=None, packages_skip_regex=None, packages_skip_test_passed=False, packages_skip_up_to=None, packages_start=None, packages_up_to=None, packages_up_to_regex=None, parallel_workers=4, paths=None, symlink_install=True, test_result_base=None, verb_extension=<colcon_core.verb.build.BuildVerb object at 0x7fef67e2f220>, verb_name='build', verb_parser=<colcon_mixin.mixin.mixin_argument.MixinArgumentDecorator object at 0x7fef67e2f880>)
[0.157s] Level 1:colcon.colcon_core.package_discovery:discover_packages(colcon_meta) check parameters
[0.157s] Level 1:colcon.colcon_core.package_discovery:discover_packages(recursive) check parameters
[0.157s] Level 1:colcon.colcon_core.package_discovery:discover_packages(ignore) check parameters
[0.157s] Level 1:colcon.colcon_core.package_discovery:discover_packages(path) check parameters
[0.157s] Level 1:colcon.colcon_core.package_discovery:discover_packages(colcon_meta) discover
[0.157s] Level 1:colcon.colcon_core.package_discovery:discover_packages(recursive) discover
[0.157s] INFO:colcon.colcon_core.package_discovery:Crawling recursively for packages in '/home/sharath/progs/rplidar/rplidar_ros'
[0.157s] Level 1:colcon.colcon_core.package_identification:_identify(.) by extensions ['ignore', 'ignore_ament_install']
[0.157s] Level 1:colcon.colcon_core.package_identification:_identify(.) by extension 'ignore'
[0.157s] Level 1:colcon.colcon_core.package_identification:_identify(.) by extension 'ignore_ament_install'
[0.157s] Level 1:colcon.colcon_core.package_identification:_identify(.) by extensions ['colcon_pkg']
[0.157s] Level 1:colcon.colcon_core.package_identification:_identify(.) by extension 'colcon_pkg'
[0.157s] Level 1:colcon.colcon_core.package_identification:_identify(.) by extensions ['colcon_meta']
[0.158s] Level 1:colcon.colcon_core.package_identification:_identify(.) by extension 'colcon_meta'
[0.158s] Level 1:colcon.colcon_core.package_identification:_identify(.) by extensions ['ros']
[0.158s] Level 1:colcon.colcon_core.package_identification:_identify(.) by extension 'ros'
[0.171s] DEBUG:colcon.colcon_core.package_identification:Package '.' with type 'ros.ament_cmake' and name 'rplidar_ros'
[0.171s] Level 1:colcon.colcon_core.package_discovery:discover_packages(recursive) using defaults
[0.171s] Level 1:colcon.colcon_core.package_discovery:discover_packages(ignore) discover
[0.171s] Level 1:colcon.colcon_core.package_discovery:discover_packages(ignore) using defaults
[0.171s] Level 1:colcon.colcon_core.package_discovery:discover_packages(path) discover
[0.171s] Level 1:colcon.colcon_core.package_discovery:discover_packages(path) using defaults
[0.188s] Level 5:colcon.colcon_core.verb:set package 'rplidar_ros' build argument 'cmake_args' from command line to 'None'
[0.188s] Level 5:colcon.colcon_core.verb:set package 'rplidar_ros' build argument 'cmake_target' from command line to 'None'
[0.188s] Level 5:colcon.colcon_core.verb:set package 'rplidar_ros' build argument 'cmake_target_skip_unavailable' from command line to 'False'
[0.188s] Level 5:colcon.colcon_core.verb:set package 'rplidar_ros' build argument 'cmake_clean_cache' from command line to 'False'
[0.188s] Level 5:colcon.colcon_core.verb:set package 'rplidar_ros' build argument 'cmake_clean_first' from command line to 'False'
[0.188s] Level 5:colcon.colcon_core.verb:set package 'rplidar_ros' build argument 'cmake_force_configure' from command line to 'False'
[0.189s] Level 5:colcon.colcon_core.verb:set package 'rplidar_ros' build argument 'ament_cmake_args' from command line to 'None'
[0.189s] Level 5:colcon.colcon_core.verb:set package 'rplidar_ros' build argument 'catkin_cmake_args' from command line to 'None'
[0.189s] Level 5:colcon.colcon_core.verb:set package 'rplidar_ros' build argument 'catkin_skip_building_tests' from command line to 'False'
[0.189s] DEBUG:colcon.colcon_core.verb:Building package 'rplidar_ros' with the following arguments: {'ament_cmake_args': None, 'build_base': '/home/sharath/progs/rplidar/rplidar_ros/build/rplidar_ros', 'catkin_cmake_args': None, 'catkin_skip_building_tests': False, 'cmake_args': None, 'cmake_clean_cache': False, 'cmake_clean_first': False, 'cmake_force_configure': False, 'cmake_target': None, 'cmake_target_skip_unavailable': False, 'install_base': '/home/sharath/progs/rplidar/rplidar_ros/install/rplidar_ros', 'merge_install': False, 'path': '/home/sharath/progs/rplidar/rplidar_ros', 'symlink_install': True, 'test_result_base': None}
[0.189s] INFO:colcon.colcon_core.executor:Executing jobs using 'parallel' executor
[0.191s] DEBUG:colcon.colcon_parallel_executor.executor.parallel:run_until_complete
[0.191s] INFO:colcon.colcon_ros.task.ament_cmake.build:Building ROS package in '/home/sharath/progs/rplidar/rplidar_ros' with build type 'ament_cmake'
[0.191s] INFO:colcon.colcon_cmake.task.cmake.build:Building CMake package in '/home/sharath/progs/rplidar/rplidar_ros'
[0.194s] INFO:colcon.colcon_core.plugin_system:Skipping extension 'colcon_core.shell.bat': Not used on non-Windows systems
[0.194s] INFO:colcon.colcon_core.shell:Skip shell extension 'powershell' for command environment: Not usable outside of PowerShell
[0.195s] DEBUG:colcon.colcon_core.shell:Skip shell extension 'dsv' for command environment
[0.204s] DEBUG:colcon.colcon_core.event_handler.log_command:Invoking command in '/home/sharath/progs/rplidar/rplidar_ros/build/rplidar_ros': CMAKE_PREFIX_PATH=${CMAKE_PREFIX_PATH}:/home/sharath/progs/ros2/ros2_ws/install/numb_py:/home/sharath/progs/ros2/ros2_ws/install/my_py_pkg:/opt/ros/foxy /usr/bin/cmake /home/sharath/progs/rplidar/rplidar_ros -DAMENT_CMAKE_SYMLINK_INSTALL=1 -DCMAKE_INSTALL_PREFIX=/home/sharath/progs/rplidar/rplidar_ros/install/rplidar_ros
[1.820s] DEBUG:colcon.colcon_core.event_handler.log_command:Invoked command in '/home/sharath/progs/rplidar/rplidar_ros/build/rplidar_ros' returned '0': CMAKE_PREFIX_PATH=${CMAKE_PREFIX_PATH}:/home/sharath/progs/ros2/ros2_ws/install/numb_py:/home/sharath/progs/ros2/ros2_ws/install/my_py_pkg:/opt/ros/foxy /usr/bin/cmake /home/sharath/progs/rplidar/rplidar_ros -DAMENT_CMAKE_SYMLINK_INSTALL=1 -DCMAKE_INSTALL_PREFIX=/home/sharath/progs/rplidar/rplidar_ros/install/rplidar_ros
[1.823s] DEBUG:colcon.colcon_core.event_handler.log_command:Invoking command in '/home/sharath/progs/rplidar/rplidar_ros/build/rplidar_ros': CMAKE_PREFIX_PATH=${CMAKE_PREFIX_PATH}:/home/sharath/progs/ros2/ros2_ws/install/numb_py:/home/sharath/progs/ros2/ros2_ws/install/my_py_pkg:/opt/ros/foxy /usr/bin/cmake --build /home/sharath/progs/rplidar/rplidar_ros/build/rplidar_ros -- -j4 -l4
[5.584s] DEBUG:colcon.colcon_core.event_handler.log_command:Invoked command in '/home/sharath/progs/rplidar/rplidar_ros/build/rplidar_ros' returned '0': CMAKE_PREFIX_PATH=${CMAKE_PREFIX_PATH}:/home/sharath/progs/ros2/ros2_ws/install/numb_py:/home/sharath/progs/ros2/ros2_ws/install/my_py_pkg:/opt/ros/foxy /usr/bin/cmake --build /home/sharath/progs/rplidar/rplidar_ros/build/rplidar_ros -- -j4 -l4
[5.628s] DEBUG:colcon.colcon_core.event_handler.log_command:Invoking command in '/home/sharath/progs/rplidar/rplidar_ros/build/rplidar_ros': CMAKE_PREFIX_PATH=${CMAKE_PREFIX_PATH}:/home/sharath/progs/ros2/ros2_ws/install/numb_py:/home/sharath/progs/ros2/ros2_ws/install/my_py_pkg:/opt/ros/foxy /usr/bin/cmake --install /home/sharath/progs/rplidar/rplidar_ros/build/rplidar_ros
[6.263s] Level 1:colcon.colcon_core.environment:create_environment_scripts_only(rplidar_ros)
[6.263s] DEBUG:colcon.colcon_core.event_handler.log_command:Invoked command in '/home/sharath/progs/rplidar/rplidar_ros/build/rplidar_ros' returned '0': CMAKE_PREFIX_PATH=${CMAKE_PREFIX_PATH}:/home/sharath/progs/ros2/ros2_ws/install/numb_py:/home/sharath/progs/ros2/ros2_ws/install/my_py_pkg:/opt/ros/foxy /usr/bin/cmake --install /home/sharath/progs/rplidar/rplidar_ros/build/rplidar_ros
[6.268s] Level 1:colcon.colcon_core.environment:checking '/home/sharath/progs/rplidar/rplidar_ros/install/rplidar_ros' for CMake module files
[6.268s] Level 1:colcon.colcon_core.environment:checking '/home/sharath/progs/rplidar/rplidar_ros/install/rplidar_ros' for CMake config files
[6.268s] Level 1:colcon.colcon_core.shell:create_environment_hook('rplidar_ros', 'cmake_prefix_path')
[6.269s] INFO:colcon.colcon_core.shell:Creating environment hook '/home/sharath/progs/rplidar/rplidar_ros/install/rplidar_ros/share/rplidar_ros/hook/cmake_prefix_path.ps1'
[6.270s] INFO:colcon.colcon_core.shell:Creating environment descriptor '/home/sharath/progs/rplidar/rplidar_ros/install/rplidar_ros/share/rplidar_ros/hook/cmake_prefix_path.dsv'
[6.270s] INFO:colcon.colcon_core.shell:Creating environment hook '/home/sharath/progs/rplidar/rplidar_ros/install/rplidar_ros/share/rplidar_ros/hook/cmake_prefix_path.sh'
[6.271s] Level 1:colcon.colcon_core.environment:checking '/home/sharath/progs/rplidar/rplidar_ros/install/rplidar_ros/lib'
[6.271s] Level 1:colcon.colcon_core.environment:checking '/home/sharath/progs/rplidar/rplidar_ros/install/rplidar_ros/bin'
[6.272s] Level 1:colcon.colcon_core.environment:checking '/home/sharath/progs/rplidar/rplidar_ros/install/rplidar_ros/lib/pkgconfig/rplidar_ros.pc'
[6.272s] Level 1:colcon.colcon_core.environment:checking '/home/sharath/progs/rplidar/rplidar_ros/install/rplidar_ros/lib/python3.8/site-packages'
[6.273s] Level 1:colcon.colcon_core.environment:checking '/home/sharath/progs/rplidar/rplidar_ros/install/rplidar_ros/bin'
[6.273s] INFO:colcon.colcon_core.shell:Creating package script '/home/sharath/progs/rplidar/rplidar_ros/install/rplidar_ros/share/rplidar_ros/package.ps1'
[6.274s] INFO:colcon.colcon_core.shell:Creating package descriptor '/home/sharath/progs/rplidar/rplidar_ros/install/rplidar_ros/share/rplidar_ros/package.dsv'
[6.275s] INFO:colcon.colcon_core.shell:Creating package script '/home/sharath/progs/rplidar/rplidar_ros/install/rplidar_ros/share/rplidar_ros/package.sh'
[6.275s] INFO:colcon.colcon_core.shell:Creating package script '/home/sharath/progs/rplidar/rplidar_ros/install/rplidar_ros/share/rplidar_ros/package.bash'
[6.276s] INFO:colcon.colcon_core.shell:Creating package script '/home/sharath/progs/rplidar/rplidar_ros/install/rplidar_ros/share/rplidar_ros/package.zsh'
[6.277s] Level 1:colcon.colcon_core.environment:create_file_with_runtime_dependencies(/home/sharath/progs/rplidar/rplidar_ros/install/rplidar_ros/share/colcon-core/packages/rplidar_ros)
[6.308s] Level 1:colcon.colcon_core.environment:create_environment_scripts_only(rplidar_ros)
[6.309s] Level 1:colcon.colcon_core.environment:checking '/home/sharath/progs/rplidar/rplidar_ros/install/rplidar_ros' for CMake module files
[6.310s] Level 1:colcon.colcon_core.environment:checking '/home/sharath/progs/rplidar/rplidar_ros/install/rplidar_ros' for CMake config files
[6.310s] Level 1:colcon.colcon_core.shell:create_environment_hook('rplidar_ros', 'cmake_prefix_path')
[6.310s] INFO:colcon.colcon_core.shell:Creating environment hook '/home/sharath/progs/rplidar/rplidar_ros/install/rplidar_ros/share/rplidar_ros/hook/cmake_prefix_path.ps1'
[6.311s] INFO:colcon.colcon_core.shell:Creating environment descriptor '/home/sharath/progs/rplidar/rplidar_ros/install/rplidar_ros/share/rplidar_ros/hook/cmake_prefix_path.dsv'
[6.311s] INFO:colcon.colcon_core.shell:Creating environment hook '/home/sharath/progs/rplidar/rplidar_ros/install/rplidar_ros/share/rplidar_ros/hook/cmake_prefix_path.sh'
[6.312s] Level 1:colcon.colcon_core.environment:checking '/home/sharath/progs/rplidar/rplidar_ros/install/rplidar_ros/lib'
[6.312s] Level 1:colcon.colcon_core.environment:checking '/home/sharath/progs/rplidar/rplidar_ros/install/rplidar_ros/bin'
[6.312s] Level 1:colcon.colcon_core.environment:checking '/home/sharath/progs/rplidar/rplidar_ros/install/rplidar_ros/lib/pkgconfig/rplidar_ros.pc'
[6.312s] Level 1:colcon.colcon_core.environment:checking '/home/sharath/progs/rplidar/rplidar_ros/install/rplidar_ros/lib/python3.8/site-packages'
[6.312s] Level 1:colcon.colcon_core.environment:checking '/home/sharath/progs/rplidar/rplidar_ros/install/rplidar_ros/bin'
[6.313s] INFO:colcon.colcon_core.shell:Creating package script '/home/sharath/progs/rplidar/rplidar_ros/install/rplidar_ros/share/rplidar_ros/package.ps1'
[6.314s] INFO:colcon.colcon_core.shell:Creating package descriptor '/home/sharath/progs/rplidar/rplidar_ros/install/rplidar_ros/share/rplidar_ros/package.dsv'
[6.314s] INFO:colcon.colcon_core.shell:Creating package script '/home/sharath/progs/rplidar/rplidar_ros/install/rplidar_ros/share/rplidar_ros/package.sh'
[6.314s] INFO:colcon.colcon_core.shell:Creating package script '/home/sharath/progs/rplidar/rplidar_ros/install/rplidar_ros/share/rplidar_ros/package.bash'
[6.315s] INFO:colcon.colcon_core.shell:Creating package script '/home/sharath/progs/rplidar/rplidar_ros/install/rplidar_ros/share/rplidar_ros/package.zsh'
[6.315s] Level 1:colcon.colcon_core.environment:create_file_with_runtime_dependencies(/home/sharath/progs/rplidar/rplidar_ros/install/rplidar_ros/share/colcon-core/packages/rplidar_ros)
[6.316s] DEBUG:colcon.colcon_parallel_executor.executor.parallel:closing loop
[6.316s] DEBUG:colcon.colcon_parallel_executor.executor.parallel:loop closed
[6.316s] DEBUG:colcon.colcon_parallel_executor.executor.parallel:run_until_complete finished with '0'
[6.317s] DEBUG:colcon.colcon_core.event_reactor:joining thread
[6.322s] INFO:colcon.colcon_core.plugin_system:Skipping extension 'colcon_notification.desktop_notification.notify_send': Could not find 'notify-send'
[6.322s] INFO:colcon.colcon_core.plugin_system:Skipping extension 'colcon_notification.desktop_notification.terminal_notifier': Not used on non-Darwin systems
[6.322s] INFO:colcon.colcon_core.plugin_system:Skipping extension 'colcon_notification.desktop_notification.win32': Not used on non-Windows systems
[6.323s] INFO:colcon.colcon_notification.desktop_notification:Sending desktop notification using 'notify2'
[6.324s] DEBUG:colcon.colcon_notification.desktop_notification.notify2:Failed to initialize notify2: org.freedesktop.DBus.Error.Spawn.ExecFailed: /usr/bin/dbus-launch terminated abnormally without any error message
[6.325s] DEBUG:colcon.colcon_core.event_reactor:joined thread
[6.326s] INFO:colcon.colcon_core.shell:Creating prefix script '/home/sharath/progs/rplidar/rplidar_ros/install/local_setup.ps1'
[6.327s] INFO:colcon.colcon_core.shell:Creating prefix util module '/home/sharath/progs/rplidar/rplidar_ros/install/_local_setup_util_ps1.py'
[6.328s] INFO:colcon.colcon_core.shell:Creating prefix chain script '/home/sharath/progs/rplidar/rplidar_ros/install/setup.ps1'
[6.330s] INFO:colcon.colcon_core.shell:Creating prefix script '/home/sharath/progs/rplidar/rplidar_ros/install/local_setup.sh'
[6.330s] INFO:colcon.colcon_core.shell:Creating prefix util module '/home/sharath/progs/rplidar/rplidar_ros/install/_local_setup_util_sh.py'
[6.331s] INFO:colcon.colcon_core.shell:Creating prefix chain script '/home/sharath/progs/rplidar/rplidar_ros/install/setup.sh'
[6.332s] INFO:colcon.colcon_core.shell:Creating prefix script '/home/sharath/progs/rplidar/rplidar_ros/install/local_setup.bash'
[6.332s] INFO:colcon.colcon_core.shell:Creating prefix chain script '/home/sharath/progs/rplidar/rplidar_ros/install/setup.bash'
[6.334s] INFO:colcon.colcon_core.shell:Creating prefix script '/home/sharath/progs/rplidar/rplidar_ros/install/local_setup.zsh'
[6.334s] INFO:colcon.colcon_core.shell:Creating prefix chain script '/home/sharath/progs/rplidar/rplidar_ros/install/setup.zsh'
