-- The C compiler identification is GNU 9.4.0
-- The CXX compiler identification is GNU 9.4.0
-- Check for working C compiler: /usr/bin/cc
-- Check for working C compiler: /usr/bin/cc -- works
-- Detecting C compiler ABI info
-- Detecting C compiler ABI info - done
-- Detecting C compile features
-- Detecting C compile features - done
-- Check for working CXX compiler: /usr/bin/c++
-- Check for working CXX compiler: /usr/bin/c++ -- works
-- Detecting CXX compiler ABI info
-- Detecting CXX compiler ABI info - done
-- Detecting CXX compile features
-- Detecting CXX compile features - done
-- Found ament_cmake: 0.9.9 (/opt/ros/foxy/share/ament_cmake/cmake)
-- Found PythonInterp: /usr/bin/python3 (found suitable version "3.8.10", minimum required is "3") 
-- Using PYTHON_EXECUTABLE: /usr/bin/python3
-- Override CMake install command with custom implementation using symlinks instead of copying resources
-- Found rclcpp: 2.4.1 (/opt/ros/foxy/share/rclcpp/cmake)
-- Using all available rosidl_typesupport_c: rosidl_typesupport_fastrtps_c;rosidl_typesupport_introspection_c
-- Found rosidl_adapter: 1.2.1 (/opt/ros/foxy/share/rosidl_adapter/cmake)
-- Found OpenSSL: /usr/lib/x86_64-linux-gnu/libcrypto.so (found version "1.1.1f")  
-- Found FastRTPS: /opt/ros/foxy/include  
-- Using all available rosidl_typesupport_cpp: rosidl_typesupport_fastrtps_cpp;rosidl_typesupport_introspection_cpp
-- Found rmw_implementation_cmake: 1.0.3 (/opt/ros/foxy/share/rmw_implementation_cmake/cmake)
-- Using RMW implementation 'rmw_fastrtps_cpp' as default
-- Looking for pthread.h
-- Looking for pthread.h - found
-- Performing Test CMAKE_HAVE_LIBC_PTHREAD
-- Performing Test CMAKE_HAVE_LIBC_PTHREAD - Failed
-- Looking for pthread_create in pthreads
-- Looking for pthread_create in pthreads - not found
-- Looking for pthread_create in pthread
-- Looking for pthread_create in pthread - found
-- Found Threads: TRUE  
-- Found sensor_msgs: 2.0.5 (/opt/ros/foxy/share/sensor_msgs/cmake)
-- Found std_srvs: 2.0.5 (/opt/ros/foxy/share/std_srvs/cmake)
-- Configuring done
-- Generating done
-- Build files have been written to: /home/sharath/progs/rplidar/rplidar_ros/build/rplidar_ros
[35m[1mScanning dependencies of target rplidar_node[0m
[ 28%] [32mBuilding CXX object CMakeFiles/rplidar_node.dir/sdk/src/arch/linux/net_socket.cpp.o[0m
[ 42%] [32mBuilding CXX object CMakeFiles/rplidar_node.dir/sdk/src/arch/linux/net_serial.cpp.o[0m
[ 28%] [32mBuilding CXX object CMakeFiles/rplidar_node.dir/src/rplidar_node.cpp.o[0m
[ 57%] [32mBuilding CXX object CMakeFiles/rplidar_node.dir/sdk/src/arch/linux/timer.cpp.o[0m
[ 71%] [32mBuilding CXX object CMakeFiles/rplidar_node.dir/sdk/src/hal/thread.cpp.o[0m
[ 85%] [32mBuilding CXX object CMakeFiles/rplidar_node.dir/sdk/src/rplidar_driver.cpp.o[0m
[100%] [32m[1mLinking CXX executable rplidar_node[0m
[100%] Built target rplidar_node
-- Install configuration: ""
-- Execute custom install script
-- Symlinking: /home/sharath/progs/rplidar/rplidar_ros/install/rplidar_ros/lib/rplidar_ros/rplidar_node
-- Symlinking: /home/sharath/progs/rplidar/rplidar_ros/install/rplidar_ros/share/rplidar_ros//launch/rplidar.launch
-- Symlinking: /home/sharath/progs/rplidar/rplidar_ros/install/rplidar_ros/share/rplidar_ros//launch/rplidar_a3.launch
-- Symlinking: /home/sharath/progs/rplidar/rplidar_ros/install/rplidar_ros/share/rplidar_ros//launch/rplidar_s1.launch
-- Symlinking: /home/sharath/progs/rplidar/rplidar_ros/install/rplidar_ros/share/rplidar_ros//launch/rplidar_s1_tcp.launch
-- Symlinking: /home/sharath/progs/rplidar/rplidar_ros/install/rplidar_ros/share/rplidar_ros//launch/test_rplidar.launch
-- Symlinking: /home/sharath/progs/rplidar/rplidar_ros/install/rplidar_ros/share/rplidar_ros//launch/test_rplidar_a3.launch
-- Symlinking: /home/sharath/progs/rplidar/rplidar_ros/install/rplidar_ros/share/rplidar_ros//launch/view_rplidar.launch
-- Symlinking: /home/sharath/progs/rplidar/rplidar_ros/install/rplidar_ros/share/rplidar_ros//launch/view_rplidar_a3.launch
-- Symlinking: /home/sharath/progs/rplidar/rplidar_ros/install/rplidar_ros/share/rplidar_ros//launch/view_rplidar_s1.launch
-- Symlinking: /home/sharath/progs/rplidar/rplidar_ros/install/rplidar_ros/share/rplidar_ros//launch/view_rplidar_s1_tcp.launch
-- Symlinking: /home/sharath/progs/rplidar/rplidar_ros/install/rplidar_ros/share/rplidar_ros//rviz/rplidar.rviz
-- Symlinking: /home/sharath/progs/rplidar/rplidar_ros/install/rplidar_ros/share/rplidar_ros//sdk/README.txt
-- Symlinking: /home/sharath/progs/rplidar/rplidar_ros/install/rplidar_ros/share/rplidar_ros//sdk/include/rplidar.h
-- Symlinking: /home/sharath/progs/rplidar/rplidar_ros/install/rplidar_ros/share/rplidar_ros//sdk/include/rplidar_cmd.h
-- Symlinking: /home/sharath/progs/rplidar/rplidar_ros/install/rplidar_ros/share/rplidar_ros//sdk/include/rplidar_driver.h
-- Symlinking: /home/sharath/progs/rplidar/rplidar_ros/install/rplidar_ros/share/rplidar_ros//sdk/include/rplidar_protocol.h
-- Symlinking: /home/sharath/progs/rplidar/rplidar_ros/install/rplidar_ros/share/rplidar_ros//sdk/include/rptypes.h
-- Symlinking: /home/sharath/progs/rplidar/rplidar_ros/install/rplidar_ros/share/rplidar_ros//sdk/src/arch/linux/arch_linux.h
-- Symlinking: /home/sharath/progs/rplidar/rplidar_ros/install/rplidar_ros/share/rplidar_ros//sdk/src/arch/linux/net_serial.cpp
-- Symlinking: /home/sharath/progs/rplidar/rplidar_ros/install/rplidar_ros/share/rplidar_ros//sdk/src/arch/linux/net_serial.h
-- Symlinking: /home/sharath/progs/rplidar/rplidar_ros/install/rplidar_ros/share/rplidar_ros//sdk/src/arch/linux/net_socket.cpp
-- Symlinking: /home/sharath/progs/rplidar/rplidar_ros/install/rplidar_ros/share/rplidar_ros//sdk/src/arch/linux/thread.hpp
-- Symlinking: /home/sharath/progs/rplidar/rplidar_ros/install/rplidar_ros/share/rplidar_ros//sdk/src/arch/linux/timer.cpp
-- Symlinking: /home/sharath/progs/rplidar/rplidar_ros/install/rplidar_ros/share/rplidar_ros//sdk/src/arch/linux/timer.h
-- Symlinking: /home/sharath/progs/rplidar/rplidar_ros/install/rplidar_ros/share/rplidar_ros//sdk/src/arch/macOS/arch_macOS.h
-- Symlinking: /home/sharath/progs/rplidar/rplidar_ros/install/rplidar_ros/share/rplidar_ros//sdk/src/arch/macOS/net_serial.cpp
-- Symlinking: /home/sharath/progs/rplidar/rplidar_ros/install/rplidar_ros/share/rplidar_ros//sdk/src/arch/macOS/net_serial.h
-- Symlinking: /home/sharath/progs/rplidar/rplidar_ros/install/rplidar_ros/share/rplidar_ros//sdk/src/arch/macOS/net_socket.cpp
-- Symlinking: /home/sharath/progs/rplidar/rplidar_ros/install/rplidar_ros/share/rplidar_ros//sdk/src/arch/macOS/thread.hpp
-- Symlinking: /home/sharath/progs/rplidar/rplidar_ros/install/rplidar_ros/share/rplidar_ros//sdk/src/arch/macOS/timer.cpp
-- Symlinking: /home/sharath/progs/rplidar/rplidar_ros/install/rplidar_ros/share/rplidar_ros//sdk/src/arch/macOS/timer.h
-- Symlinking: /home/sharath/progs/rplidar/rplidar_ros/install/rplidar_ros/share/rplidar_ros//sdk/src/arch/win32/arch_win32.h
-- Symlinking: /home/sharath/progs/rplidar/rplidar_ros/install/rplidar_ros/share/rplidar_ros//sdk/src/arch/win32/net_serial.cpp
-- Symlinking: /home/sharath/progs/rplidar/rplidar_ros/install/rplidar_ros/share/rplidar_ros//sdk/src/arch/win32/net_serial.h
-- Symlinking: /home/sharath/progs/rplidar/rplidar_ros/install/rplidar_ros/share/rplidar_ros//sdk/src/arch/win32/net_socket.cpp
-- Symlinking: /home/sharath/progs/rplidar/rplidar_ros/install/rplidar_ros/share/rplidar_ros//sdk/src/arch/win32/timer.cpp
-- Symlinking: /home/sharath/progs/rplidar/rplidar_ros/install/rplidar_ros/share/rplidar_ros//sdk/src/arch/win32/timer.h
-- Symlinking: /home/sharath/progs/rplidar/rplidar_ros/install/rplidar_ros/share/rplidar_ros//sdk/src/arch/win32/winthread.hpp
-- Symlinking: /home/sharath/progs/rplidar/rplidar_ros/install/rplidar_ros/share/rplidar_ros//sdk/src/hal/abs_rxtx.h
-- Symlinking: /home/sharath/progs/rplidar/rplidar_ros/install/rplidar_ros/share/rplidar_ros//sdk/src/hal/assert.h
-- Symlinking: /home/sharath/progs/rplidar/rplidar_ros/install/rplidar_ros/share/rplidar_ros//sdk/src/hal/byteops.h
-- Symlinking: /home/sharath/progs/rplidar/rplidar_ros/install/rplidar_ros/share/rplidar_ros//sdk/src/hal/event.h
-- Symlinking: /home/sharath/progs/rplidar/rplidar_ros/install/rplidar_ros/share/rplidar_ros//sdk/src/hal/locker.h
-- Symlinking: /home/sharath/progs/rplidar/rplidar_ros/install/rplidar_ros/share/rplidar_ros//sdk/src/hal/socket.h
-- Symlinking: /home/sharath/progs/rplidar/rplidar_ros/install/rplidar_ros/share/rplidar_ros//sdk/src/hal/thread.cpp
-- Symlinking: /home/sharath/progs/rplidar/rplidar_ros/install/rplidar_ros/share/rplidar_ros//sdk/src/hal/thread.h
-- Symlinking: /home/sharath/progs/rplidar/rplidar_ros/install/rplidar_ros/share/rplidar_ros//sdk/src/hal/types.h
-- Symlinking: /home/sharath/progs/rplidar/rplidar_ros/install/rplidar_ros/share/rplidar_ros//sdk/src/hal/util.h
-- Symlinking: /home/sharath/progs/rplidar/rplidar_ros/install/rplidar_ros/share/rplidar_ros//sdk/src/rplidar_driver.cpp
-- Symlinking: /home/sharath/progs/rplidar/rplidar_ros/install/rplidar_ros/share/rplidar_ros//sdk/src/rplidar_driver_TCP.h
-- Symlinking: /home/sharath/progs/rplidar/rplidar_ros/install/rplidar_ros/share/rplidar_ros//sdk/src/rplidar_driver_impl.h
-- Symlinking: /home/sharath/progs/rplidar/rplidar_ros/install/rplidar_ros/share/rplidar_ros//sdk/src/rplidar_driver_serial.h
-- Symlinking: /home/sharath/progs/rplidar/rplidar_ros/install/rplidar_ros/share/rplidar_ros//sdk/src/sdkcommon.h
-- Symlinking: /home/sharath/progs/rplidar/rplidar_ros/install/rplidar_ros/share/ament_index/resource_index/package_run_dependencies/rplidar_ros
-- Symlinking: /home/sharath/progs/rplidar/rplidar_ros/install/rplidar_ros/share/ament_index/resource_index/parent_prefix_path/rplidar_ros
-- Symlinking: /home/sharath/progs/rplidar/rplidar_ros/install/rplidar_ros/share/rplidar_ros/environment/ament_prefix_path.sh
-- Symlinking: /home/sharath/progs/rplidar/rplidar_ros/install/rplidar_ros/share/rplidar_ros/environment/ament_prefix_path.dsv
-- Symlinking: /home/sharath/progs/rplidar/rplidar_ros/install/rplidar_ros/share/rplidar_ros/environment/path.sh
-- Symlinking: /home/sharath/progs/rplidar/rplidar_ros/install/rplidar_ros/share/rplidar_ros/environment/path.dsv
-- Symlinking: /home/sharath/progs/rplidar/rplidar_ros/install/rplidar_ros/share/rplidar_ros/local_setup.bash
-- Symlinking: /home/sharath/progs/rplidar/rplidar_ros/install/rplidar_ros/share/rplidar_ros/local_setup.sh
-- Symlinking: /home/sharath/progs/rplidar/rplidar_ros/install/rplidar_ros/share/rplidar_ros/local_setup.zsh
-- Symlinking: /home/sharath/progs/rplidar/rplidar_ros/install/rplidar_ros/share/rplidar_ros/local_setup.dsv
-- Symlinking: /home/sharath/progs/rplidar/rplidar_ros/install/rplidar_ros/share/rplidar_ros/package.dsv
-- Symlinking: /home/sharath/progs/rplidar/rplidar_ros/install/rplidar_ros/share/ament_index/resource_index/packages/rplidar_ros
-- Symlinking: /home/sharath/progs/rplidar/rplidar_ros/install/rplidar_ros/share/rplidar_ros/cmake/rplidar_rosConfig.cmake
-- Symlinking: /home/sharath/progs/rplidar/rplidar_ros/install/rplidar_ros/share/rplidar_ros/cmake/rplidar_rosConfig-version.cmake
-- Symlinking: /home/sharath/progs/rplidar/rplidar_ros/install/rplidar_ros/share/rplidar_ros/package.xml
