[0.013s] Invoking command in '/home/sharath/progs/rplidar/rplidar_ros/build/rplidar_ros': CMAKE_PREFIX_PATH=${CMAKE_PREFIX_PATH}:/home/sharath/progs/ros2/ros2_ws/install/numb_py:/home/sharath/progs/ros2/ros2_ws/install/my_py_pkg:/opt/ros/foxy /usr/bin/cmake /home/sharath/progs/rplidar/rplidar_ros -DAMENT_CMAKE_SYMLINK_INSTALL=1 -DCMAKE_INSTALL_PREFIX=/home/sharath/progs/rplidar/rplidar_ros/install/rplidar_ros
[0.064s] -- The C compiler identification is GNU 9.4.0
[0.114s] -- The CXX compiler identification is GNU 9.4.0
[0.118s] -- Check for working C compiler: /usr/bin/cc
[0.180s] -- Check for working C compiler: /usr/bin/cc -- works
[0.181s] -- Detecting C compiler ABI info
[0.243s] -- Detecting C compiler ABI info - done
[0.254s] -- Detecting C compile features
[0.255s] -- Detecting C compile features - done
[0.257s] -- Check for working CXX compiler: /usr/bin/c++
[0.331s] -- Check for working CXX compiler: /usr/bin/c++ -- works
[0.332s] -- Detecting CXX compiler ABI info
[0.409s] -- Detecting CXX compiler ABI info - done
[0.420s] -- Detecting CXX compile features
[0.421s] -- Detecting CXX compile features - done
[0.424s] -- Found ament_cmake: 0.9.9 (/opt/ros/foxy/share/ament_cmake/cmake)
[0.453s] -- Found PythonInterp: /usr/bin/python3 (found suitable version "3.8.10", minimum required is "3") 
[0.453s] -- Using PYTHON_EXECUTABLE: /usr/bin/python3
[0.618s] -- Override CMake install command with custom implementation using symlinks instead of copying resources
[0.670s] -- Found rclcpp: 2.4.1 (/opt/ros/foxy/share/rclcpp/cmake)
[0.721s] -- Using all available rosidl_typesupport_c: rosidl_typesupport_fastrtps_c;rosidl_typesupport_introspection_c
[0.729s] -- Found rosidl_adapter: 1.2.1 (/opt/ros/foxy/share/rosidl_adapter/cmake)
[0.812s] -- Found OpenSSL: /usr/lib/x86_64-linux-gnu/libcrypto.so (found version "1.1.1f")  
[0.843s] -- Found FastRTPS: /opt/ros/foxy/include  
[0.929s] -- Using all available rosidl_typesupport_cpp: rosidl_typesupport_fastrtps_cpp;rosidl_typesupport_introspection_cpp
[0.991s] -- Found rmw_implementation_cmake: 1.0.3 (/opt/ros/foxy/share/rmw_implementation_cmake/cmake)
[0.993s] -- Using RMW implementation 'rmw_fastrtps_cpp' as default
[0.994s] -- Looking for pthread.h
[1.064s] -- Looking for pthread.h - found
[1.064s] -- Performing Test CMAKE_HAVE_LIBC_PTHREAD
[1.134s] -- Performing Test CMAKE_HAVE_LIBC_PTHREAD - Failed
[1.134s] -- Looking for pthread_create in pthreads
[1.189s] -- Looking for pthread_create in pthreads - not found
[1.189s] -- Looking for pthread_create in pthread
[1.256s] -- Looking for pthread_create in pthread - found
[1.257s] -- Found Threads: TRUE  
[1.412s] -- Found sensor_msgs: 2.0.5 (/opt/ros/foxy/share/sensor_msgs/cmake)
[1.532s] -- Found std_srvs: 2.0.5 (/opt/ros/foxy/share/std_srvs/cmake)
[1.609s] -- Configuring done
[1.618s] -- Generating done
[1.620s] -- Build files have been written to: /home/sharath/progs/rplidar/rplidar_ros/build/rplidar_ros
[1.628s] Invoked command in '/home/sharath/progs/rplidar/rplidar_ros/build/rplidar_ros' returned '0': CMAKE_PREFIX_PATH=${CMAKE_PREFIX_PATH}:/home/sharath/progs/ros2/ros2_ws/install/numb_py:/home/sharath/progs/ros2/ros2_ws/install/my_py_pkg:/opt/ros/foxy /usr/bin/cmake /home/sharath/progs/rplidar/rplidar_ros -DAMENT_CMAKE_SYMLINK_INSTALL=1 -DCMAKE_INSTALL_PREFIX=/home/sharath/progs/rplidar/rplidar_ros/install/rplidar_ros
[1.631s] Invoking command in '/home/sharath/progs/rplidar/rplidar_ros/build/rplidar_ros': CMAKE_PREFIX_PATH=${CMAKE_PREFIX_PATH}:/home/sharath/progs/ros2/ros2_ws/install/numb_py:/home/sharath/progs/ros2/ros2_ws/install/my_py_pkg:/opt/ros/foxy /usr/bin/cmake --build /home/sharath/progs/rplidar/rplidar_ros/build/rplidar_ros -- -j4 -l4
[1.670s] [35m[1mScanning dependencies of target rplidar_node[0m
[1.713s] [ 28%] [32mBuilding CXX object CMakeFiles/rplidar_node.dir/sdk/src/arch/linux/net_socket.cpp.o[0m
[1.713s] [ 42%] [32mBuilding CXX object CMakeFiles/rplidar_node.dir/sdk/src/arch/linux/net_serial.cpp.o[0m
[1.713s] [ 28%] [32mBuilding CXX object CMakeFiles/rplidar_node.dir/src/rplidar_node.cpp.o[0m
[1.714s] [ 57%] [32mBuilding CXX object CMakeFiles/rplidar_node.dir/sdk/src/arch/linux/timer.cpp.o[0m
[2.020s] [ 71%] [32mBuilding CXX object CMakeFiles/rplidar_node.dir/sdk/src/hal/thread.cpp.o[0m
[2.098s] [ 85%] [32mBuilding CXX object CMakeFiles/rplidar_node.dir/sdk/src/rplidar_driver.cpp.o[0m
[5.161s] [100%] [32m[1mLinking CXX executable rplidar_node[0m
[5.381s] [100%] Built target rplidar_node
[5.392s] Invoked command in '/home/sharath/progs/rplidar/rplidar_ros/build/rplidar_ros' returned '0': CMAKE_PREFIX_PATH=${CMAKE_PREFIX_PATH}:/home/sharath/progs/ros2/ros2_ws/install/numb_py:/home/sharath/progs/ros2/ros2_ws/install/my_py_pkg:/opt/ros/foxy /usr/bin/cmake --build /home/sharath/progs/rplidar/rplidar_ros/build/rplidar_ros -- -j4 -l4
[5.436s] Invoking command in '/home/sharath/progs/rplidar/rplidar_ros/build/rplidar_ros': CMAKE_PREFIX_PATH=${CMAKE_PREFIX_PATH}:/home/sharath/progs/ros2/ros2_ws/install/numb_py:/home/sharath/progs/ros2/ros2_ws/install/my_py_pkg:/opt/ros/foxy /usr/bin/cmake --install /home/sharath/progs/rplidar/rplidar_ros/build/rplidar_ros
[5.445s] -- Install configuration: ""
[5.446s] -- Execute custom install script
[5.446s] -- Symlinking: /home/sharath/progs/rplidar/rplidar_ros/install/rplidar_ros/lib/rplidar_ros/rplidar_node
[5.456s] -- Symlinking: /home/sharath/progs/rplidar/rplidar_ros/install/rplidar_ros/share/rplidar_ros//launch/rplidar.launch
[5.466s] -- Symlinking: /home/sharath/progs/rplidar/rplidar_ros/install/rplidar_ros/share/rplidar_ros//launch/rplidar_a3.launch
[5.475s] -- Symlinking: /home/sharath/progs/rplidar/rplidar_ros/install/rplidar_ros/share/rplidar_ros//launch/rplidar_s1.launch
[5.484s] -- Symlinking: /home/sharath/progs/rplidar/rplidar_ros/install/rplidar_ros/share/rplidar_ros//launch/rplidar_s1_tcp.launch
[5.493s] -- Symlinking: /home/sharath/progs/rplidar/rplidar_ros/install/rplidar_ros/share/rplidar_ros//launch/test_rplidar.launch
[5.503s] -- Symlinking: /home/sharath/progs/rplidar/rplidar_ros/install/rplidar_ros/share/rplidar_ros//launch/test_rplidar_a3.launch
[5.512s] -- Symlinking: /home/sharath/progs/rplidar/rplidar_ros/install/rplidar_ros/share/rplidar_ros//launch/view_rplidar.launch
[5.521s] -- Symlinking: /home/sharath/progs/rplidar/rplidar_ros/install/rplidar_ros/share/rplidar_ros//launch/view_rplidar_a3.launch
[5.530s] -- Symlinking: /home/sharath/progs/rplidar/rplidar_ros/install/rplidar_ros/share/rplidar_ros//launch/view_rplidar_s1.launch
[5.540s] -- Symlinking: /home/sharath/progs/rplidar/rplidar_ros/install/rplidar_ros/share/rplidar_ros//launch/view_rplidar_s1_tcp.launch
[5.549s] -- Symlinking: /home/sharath/progs/rplidar/rplidar_ros/install/rplidar_ros/share/rplidar_ros//rviz/rplidar.rviz
[5.559s] -- Symlinking: /home/sharath/progs/rplidar/rplidar_ros/install/rplidar_ros/share/rplidar_ros//sdk/README.txt
[5.568s] -- Symlinking: /home/sharath/progs/rplidar/rplidar_ros/install/rplidar_ros/share/rplidar_ros//sdk/include/rplidar.h
[5.577s] -- Symlinking: /home/sharath/progs/rplidar/rplidar_ros/install/rplidar_ros/share/rplidar_ros//sdk/include/rplidar_cmd.h
[5.585s] -- Symlinking: /home/sharath/progs/rplidar/rplidar_ros/install/rplidar_ros/share/rplidar_ros//sdk/include/rplidar_driver.h
[5.593s] -- Symlinking: /home/sharath/progs/rplidar/rplidar_ros/install/rplidar_ros/share/rplidar_ros//sdk/include/rplidar_protocol.h
[5.602s] -- Symlinking: /home/sharath/progs/rplidar/rplidar_ros/install/rplidar_ros/share/rplidar_ros//sdk/include/rptypes.h
[5.610s] -- Symlinking: /home/sharath/progs/rplidar/rplidar_ros/install/rplidar_ros/share/rplidar_ros//sdk/src/arch/linux/arch_linux.h
[5.619s] -- Symlinking: /home/sharath/progs/rplidar/rplidar_ros/install/rplidar_ros/share/rplidar_ros//sdk/src/arch/linux/net_serial.cpp
[5.627s] -- Symlinking: /home/sharath/progs/rplidar/rplidar_ros/install/rplidar_ros/share/rplidar_ros//sdk/src/arch/linux/net_serial.h
[5.635s] -- Symlinking: /home/sharath/progs/rplidar/rplidar_ros/install/rplidar_ros/share/rplidar_ros//sdk/src/arch/linux/net_socket.cpp
[5.644s] -- Symlinking: /home/sharath/progs/rplidar/rplidar_ros/install/rplidar_ros/share/rplidar_ros//sdk/src/arch/linux/thread.hpp
[5.653s] -- Symlinking: /home/sharath/progs/rplidar/rplidar_ros/install/rplidar_ros/share/rplidar_ros//sdk/src/arch/linux/timer.cpp
[5.661s] -- Symlinking: /home/sharath/progs/rplidar/rplidar_ros/install/rplidar_ros/share/rplidar_ros//sdk/src/arch/linux/timer.h
[5.670s] -- Symlinking: /home/sharath/progs/rplidar/rplidar_ros/install/rplidar_ros/share/rplidar_ros//sdk/src/arch/macOS/arch_macOS.h
[5.679s] -- Symlinking: /home/sharath/progs/rplidar/rplidar_ros/install/rplidar_ros/share/rplidar_ros//sdk/src/arch/macOS/net_serial.cpp
[5.687s] -- Symlinking: /home/sharath/progs/rplidar/rplidar_ros/install/rplidar_ros/share/rplidar_ros//sdk/src/arch/macOS/net_serial.h
[5.695s] -- Symlinking: /home/sharath/progs/rplidar/rplidar_ros/install/rplidar_ros/share/rplidar_ros//sdk/src/arch/macOS/net_socket.cpp
[5.703s] -- Symlinking: /home/sharath/progs/rplidar/rplidar_ros/install/rplidar_ros/share/rplidar_ros//sdk/src/arch/macOS/thread.hpp
[5.711s] -- Symlinking: /home/sharath/progs/rplidar/rplidar_ros/install/rplidar_ros/share/rplidar_ros//sdk/src/arch/macOS/timer.cpp
[5.720s] -- Symlinking: /home/sharath/progs/rplidar/rplidar_ros/install/rplidar_ros/share/rplidar_ros//sdk/src/arch/macOS/timer.h
[5.728s] -- Symlinking: /home/sharath/progs/rplidar/rplidar_ros/install/rplidar_ros/share/rplidar_ros//sdk/src/arch/win32/arch_win32.h
[5.736s] -- Symlinking: /home/sharath/progs/rplidar/rplidar_ros/install/rplidar_ros/share/rplidar_ros//sdk/src/arch/win32/net_serial.cpp
[5.745s] -- Symlinking: /home/sharath/progs/rplidar/rplidar_ros/install/rplidar_ros/share/rplidar_ros//sdk/src/arch/win32/net_serial.h
[5.753s] -- Symlinking: /home/sharath/progs/rplidar/rplidar_ros/install/rplidar_ros/share/rplidar_ros//sdk/src/arch/win32/net_socket.cpp
[5.763s] -- Symlinking: /home/sharath/progs/rplidar/rplidar_ros/install/rplidar_ros/share/rplidar_ros//sdk/src/arch/win32/timer.cpp
[5.772s] -- Symlinking: /home/sharath/progs/rplidar/rplidar_ros/install/rplidar_ros/share/rplidar_ros//sdk/src/arch/win32/timer.h
[5.781s] -- Symlinking: /home/sharath/progs/rplidar/rplidar_ros/install/rplidar_ros/share/rplidar_ros//sdk/src/arch/win32/winthread.hpp
[5.791s] -- Symlinking: /home/sharath/progs/rplidar/rplidar_ros/install/rplidar_ros/share/rplidar_ros//sdk/src/hal/abs_rxtx.h
[5.800s] -- Symlinking: /home/sharath/progs/rplidar/rplidar_ros/install/rplidar_ros/share/rplidar_ros//sdk/src/hal/assert.h
[5.810s] -- Symlinking: /home/sharath/progs/rplidar/rplidar_ros/install/rplidar_ros/share/rplidar_ros//sdk/src/hal/byteops.h
[5.819s] -- Symlinking: /home/sharath/progs/rplidar/rplidar_ros/install/rplidar_ros/share/rplidar_ros//sdk/src/hal/event.h
[5.828s] -- Symlinking: /home/sharath/progs/rplidar/rplidar_ros/install/rplidar_ros/share/rplidar_ros//sdk/src/hal/locker.h
[5.838s] -- Symlinking: /home/sharath/progs/rplidar/rplidar_ros/install/rplidar_ros/share/rplidar_ros//sdk/src/hal/socket.h
[5.847s] -- Symlinking: /home/sharath/progs/rplidar/rplidar_ros/install/rplidar_ros/share/rplidar_ros//sdk/src/hal/thread.cpp
[5.856s] -- Symlinking: /home/sharath/progs/rplidar/rplidar_ros/install/rplidar_ros/share/rplidar_ros//sdk/src/hal/thread.h
[5.865s] -- Symlinking: /home/sharath/progs/rplidar/rplidar_ros/install/rplidar_ros/share/rplidar_ros//sdk/src/hal/types.h
[5.874s] -- Symlinking: /home/sharath/progs/rplidar/rplidar_ros/install/rplidar_ros/share/rplidar_ros//sdk/src/hal/util.h
[5.883s] -- Symlinking: /home/sharath/progs/rplidar/rplidar_ros/install/rplidar_ros/share/rplidar_ros//sdk/src/rplidar_driver.cpp
[5.892s] -- Symlinking: /home/sharath/progs/rplidar/rplidar_ros/install/rplidar_ros/share/rplidar_ros//sdk/src/rplidar_driver_TCP.h
[5.901s] -- Symlinking: /home/sharath/progs/rplidar/rplidar_ros/install/rplidar_ros/share/rplidar_ros//sdk/src/rplidar_driver_impl.h
[5.910s] -- Symlinking: /home/sharath/progs/rplidar/rplidar_ros/install/rplidar_ros/share/rplidar_ros//sdk/src/rplidar_driver_serial.h
[5.919s] -- Symlinking: /home/sharath/progs/rplidar/rplidar_ros/install/rplidar_ros/share/rplidar_ros//sdk/src/sdkcommon.h
[5.929s] -- Symlinking: /home/sharath/progs/rplidar/rplidar_ros/install/rplidar_ros/share/ament_index/resource_index/package_run_dependencies/rplidar_ros
[5.938s] -- Symlinking: /home/sharath/progs/rplidar/rplidar_ros/install/rplidar_ros/share/ament_index/resource_index/parent_prefix_path/rplidar_ros
[5.948s] -- Symlinking: /home/sharath/progs/rplidar/rplidar_ros/install/rplidar_ros/share/rplidar_ros/environment/ament_prefix_path.sh
[5.957s] -- Symlinking: /home/sharath/progs/rplidar/rplidar_ros/install/rplidar_ros/share/rplidar_ros/environment/ament_prefix_path.dsv
[5.966s] -- Symlinking: /home/sharath/progs/rplidar/rplidar_ros/install/rplidar_ros/share/rplidar_ros/environment/path.sh
[5.975s] -- Symlinking: /home/sharath/progs/rplidar/rplidar_ros/install/rplidar_ros/share/rplidar_ros/environment/path.dsv
[5.985s] -- Symlinking: /home/sharath/progs/rplidar/rplidar_ros/install/rplidar_ros/share/rplidar_ros/local_setup.bash
[5.994s] -- Symlinking: /home/sharath/progs/rplidar/rplidar_ros/install/rplidar_ros/share/rplidar_ros/local_setup.sh
[6.003s] -- Symlinking: /home/sharath/progs/rplidar/rplidar_ros/install/rplidar_ros/share/rplidar_ros/local_setup.zsh
[6.013s] -- Symlinking: /home/sharath/progs/rplidar/rplidar_ros/install/rplidar_ros/share/rplidar_ros/local_setup.dsv
[6.022s] -- Symlinking: /home/sharath/progs/rplidar/rplidar_ros/install/rplidar_ros/share/rplidar_ros/package.dsv
[6.032s] -- Symlinking: /home/sharath/progs/rplidar/rplidar_ros/install/rplidar_ros/share/ament_index/resource_index/packages/rplidar_ros
[6.041s] -- Symlinking: /home/sharath/progs/rplidar/rplidar_ros/install/rplidar_ros/share/rplidar_ros/cmake/rplidar_rosConfig.cmake
[6.051s] -- Symlinking: /home/sharath/progs/rplidar/rplidar_ros/install/rplidar_ros/share/rplidar_ros/cmake/rplidar_rosConfig-version.cmake
[6.060s] -- Symlinking: /home/sharath/progs/rplidar/rplidar_ros/install/rplidar_ros/share/rplidar_ros/package.xml
[6.072s] Invoked command in '/home/sharath/progs/rplidar/rplidar_ros/build/rplidar_ros' returned '0': CMAKE_PREFIX_PATH=${CMAKE_PREFIX_PATH}:/home/sharath/progs/ros2/ros2_ws/install/numb_py:/home/sharath/progs/ros2/ros2_ws/install/my_py_pkg:/opt/ros/foxy /usr/bin/cmake --install /home/sharath/progs/rplidar/rplidar_ros/build/rplidar_ros
