[0.147s] DEBUG:colcon:Command line arguments: ['/usr/bin/colcon', 'build']
[0.147s] DEBUG:colcon:Parsed command line arguments: Namespace(ament_cmake_args=None, base_paths=['.'], build_base='build', catkin_cmake_args=None, catkin_skip_building_tests=False, cmake_args=None, cmake_clean_cache=False, cmake_clean_first=False, cmake_force_configure=False, cmake_target=None, cmake_target_skip_unavailable=False, continue_on_error=False, event_handlers=None, executor='parallel', ignore_user_meta=False, install_base='install', log_base=None, log_level=None, main=<bound method BuildVerb.main of <colcon_core.verb.build.BuildVerb object at 0x7fb76adae0a0>>, merge_install=False, metas=['./colcon.meta'], mixin=None, mixin_files=None, mixin_verb=('build',), packages_above=None, packages_above_and_dependencies=None, packages_above_depth=None, packages_end=None, packages_ignore=None, packages_ignore_regex=None, packages_select=None, packages_select_build_failed=False, packages_select_by_dep=None, packages_select_regex=None, packages_select_test_failures=False, packages_skip=None, packages_skip_build_finished=False, packages_skip_by_dep=None, packages_skip_regex=None, packages_skip_test_passed=False, packages_skip_up_to=None, packages_start=None, packages_up_to=None, packages_up_to_regex=None, parallel_workers=4, paths=None, symlink_install=False, test_result_base=None, verb_extension=<colcon_core.verb.build.BuildVerb object at 0x7fb76adae0a0>, verb_name='build', verb_parser=<colcon_mixin.mixin.mixin_argument.MixinArgumentDecorator object at 0x7fb76adae5e0>)
[0.188s] Level 1:colcon.colcon_core.package_discovery:discover_packages(colcon_meta) check parameters
[0.188s] Level 1:colcon.colcon_core.package_discovery:discover_packages(recursive) check parameters
[0.188s] Level 1:colcon.colcon_core.package_discovery:discover_packages(ignore) check parameters
[0.188s] Level 1:colcon.colcon_core.package_discovery:discover_packages(path) check parameters
[0.188s] Level 1:colcon.colcon_core.package_discovery:discover_packages(colcon_meta) discover
[0.188s] Level 1:colcon.colcon_core.package_discovery:discover_packages(recursive) discover
[0.188s] INFO:colcon.colcon_core.package_discovery:Crawling recursively for packages in '/home/sharath/progs/rplidar/rplidar_ros'
[0.188s] Level 1:colcon.colcon_core.package_identification:_identify(.) by extensions ['ignore', 'ignore_ament_install']
[0.188s] Level 1:colcon.colcon_core.package_identification:_identify(.) by extension 'ignore'
[0.188s] Level 1:colcon.colcon_core.package_identification:_identify(.) by extension 'ignore_ament_install'
[0.188s] Level 1:colcon.colcon_core.package_identification:_identify(.) by extensions ['colcon_pkg']
[0.188s] Level 1:colcon.colcon_core.package_identification:_identify(.) by extension 'colcon_pkg'
[0.188s] Level 1:colcon.colcon_core.package_identification:_identify(.) by extensions ['colcon_meta']
[0.188s] Level 1:colcon.colcon_core.package_identification:_identify(.) by extension 'colcon_meta'
[0.188s] Level 1:colcon.colcon_core.package_identification:_identify(.) by extensions ['ros']
[0.188s] Level 1:colcon.colcon_core.package_identification:_identify(.) by extension 'ros'
[0.201s] DEBUG:colcon.colcon_core.package_identification:Package '.' with type 'ros.ament_cmake' and name 'rplidar_ros'
[0.201s] Level 1:colcon.colcon_core.package_discovery:discover_packages(recursive) using defaults
[0.201s] Level 1:colcon.colcon_core.package_discovery:discover_packages(ignore) discover
[0.201s] Level 1:colcon.colcon_core.package_discovery:discover_packages(ignore) using defaults
[0.201s] Level 1:colcon.colcon_core.package_discovery:discover_packages(path) discover
[0.201s] Level 1:colcon.colcon_core.package_discovery:discover_packages(path) using defaults
[0.219s] Level 5:colcon.colcon_core.verb:set package 'rplidar_ros' build argument 'cmake_args' from command line to 'None'
[0.219s] Level 5:colcon.colcon_core.verb:set package 'rplidar_ros' build argument 'cmake_target' from command line to 'None'
[0.219s] Level 5:colcon.colcon_core.verb:set package 'rplidar_ros' build argument 'cmake_target_skip_unavailable' from command line to 'False'
[0.219s] Level 5:colcon.colcon_core.verb:set package 'rplidar_ros' build argument 'cmake_clean_cache' from command line to 'False'
[0.219s] Level 5:colcon.colcon_core.verb:set package 'rplidar_ros' build argument 'cmake_clean_first' from command line to 'False'
[0.219s] Level 5:colcon.colcon_core.verb:set package 'rplidar_ros' build argument 'cmake_force_configure' from command line to 'False'
[0.219s] Level 5:colcon.colcon_core.verb:set package 'rplidar_ros' build argument 'ament_cmake_args' from command line to 'None'
[0.219s] Level 5:colcon.colcon_core.verb:set package 'rplidar_ros' build argument 'catkin_cmake_args' from command line to 'None'
[0.219s] Level 5:colcon.colcon_core.verb:set package 'rplidar_ros' build argument 'catkin_skip_building_tests' from command line to 'False'
[0.219s] DEBUG:colcon.colcon_core.verb:Building package 'rplidar_ros' with the following arguments: {'ament_cmake_args': None, 'build_base': '/home/sharath/progs/rplidar/rplidar_ros/build/rplidar_ros', 'catkin_cmake_args': None, 'catkin_skip_building_tests': False, 'cmake_args': None, 'cmake_clean_cache': False, 'cmake_clean_first': False, 'cmake_force_configure': False, 'cmake_target': None, 'cmake_target_skip_unavailable': False, 'install_base': '/home/sharath/progs/rplidar/rplidar_ros/install/rplidar_ros', 'merge_install': False, 'path': '/home/sharath/progs/rplidar/rplidar_ros', 'symlink_install': False, 'test_result_base': None}
[0.220s] INFO:colcon.colcon_core.executor:Executing jobs using 'parallel' executor
[0.222s] DEBUG:colcon.colcon_parallel_executor.executor.parallel:run_until_complete
[0.222s] INFO:colcon.colcon_ros.task.ament_cmake.build:Building ROS package in '/home/sharath/progs/rplidar/rplidar_ros' with build type 'ament_cmake'
[0.222s] INFO:colcon.colcon_cmake.task.cmake.build:Building CMake package in '/home/sharath/progs/rplidar/rplidar_ros'
[0.225s] INFO:colcon.colcon_core.plugin_system:Skipping extension 'colcon_core.shell.bat': Not used on non-Windows systems
[0.226s] INFO:colcon.colcon_core.shell:Skip shell extension 'powershell' for command environment: Not usable outside of PowerShell
[0.226s] DEBUG:colcon.colcon_core.shell:Skip shell extension 'dsv' for command environment
[0.237s] DEBUG:colcon.colcon_core.event_handler.log_command:Invoking command in '/home/sharath/progs/rplidar/rplidar_ros/build/rplidar_ros': CMAKE_PREFIX_PATH=${CMAKE_PREFIX_PATH}:/home/sharath/progs/ros2/ros2_ws/install/numb_py:/home/sharath/progs/ros2/ros2_ws/install/my_py_pkg:/opt/ros/foxy /usr/bin/cmake /home/sharath/progs/rplidar/rplidar_ros -DCMAKE_INSTALL_PREFIX=/home/sharath/progs/rplidar/rplidar_ros/install/rplidar_ros
[2.076s] DEBUG:colcon.colcon_core.event_handler.log_command:Invoked command in '/home/sharath/progs/rplidar/rplidar_ros/build/rplidar_ros' returned '0': CMAKE_PREFIX_PATH=${CMAKE_PREFIX_PATH}:/home/sharath/progs/ros2/ros2_ws/install/numb_py:/home/sharath/progs/ros2/ros2_ws/install/my_py_pkg:/opt/ros/foxy /usr/bin/cmake /home/sharath/progs/rplidar/rplidar_ros -DCMAKE_INSTALL_PREFIX=/home/sharath/progs/rplidar/rplidar_ros/install/rplidar_ros
[2.079s] DEBUG:colcon.colcon_core.event_handler.log_command:Invoking command in '/home/sharath/progs/rplidar/rplidar_ros/build/rplidar_ros': CMAKE_PREFIX_PATH=${CMAKE_PREFIX_PATH}:/home/sharath/progs/ros2/ros2_ws/install/numb_py:/home/sharath/progs/ros2/ros2_ws/install/my_py_pkg:/opt/ros/foxy /usr/bin/cmake --build /home/sharath/progs/rplidar/rplidar_ros/build/rplidar_ros -- -j4 -l4
[2.264s] DEBUG:colcon.colcon_core.event_handler.log_command:Invoked command in '/home/sharath/progs/rplidar/rplidar_ros/build/rplidar_ros' returned '0': CMAKE_PREFIX_PATH=${CMAKE_PREFIX_PATH}:/home/sharath/progs/ros2/ros2_ws/install/numb_py:/home/sharath/progs/ros2/ros2_ws/install/my_py_pkg:/opt/ros/foxy /usr/bin/cmake --build /home/sharath/progs/rplidar/rplidar_ros/build/rplidar_ros -- -j4 -l4
[2.303s] DEBUG:colcon.colcon_core.event_handler.log_command:Invoking command in '/home/sharath/progs/rplidar/rplidar_ros/build/rplidar_ros': CMAKE_PREFIX_PATH=${CMAKE_PREFIX_PATH}:/home/sharath/progs/ros2/ros2_ws/install/numb_py:/home/sharath/progs/ros2/ros2_ws/install/my_py_pkg:/opt/ros/foxy /usr/bin/cmake --install /home/sharath/progs/rplidar/rplidar_ros/build/rplidar_ros
[2.348s] Level 1:colcon.colcon_core.environment:create_environment_scripts_only(rplidar_ros)
[2.349s] DEBUG:colcon.colcon_core.event_handler.log_command:Invoked command in '/home/sharath/progs/rplidar/rplidar_ros/build/rplidar_ros' returned '0': CMAKE_PREFIX_PATH=${CMAKE_PREFIX_PATH}:/home/sharath/progs/ros2/ros2_ws/install/numb_py:/home/sharath/progs/ros2/ros2_ws/install/my_py_pkg:/opt/ros/foxy /usr/bin/cmake --install /home/sharath/progs/rplidar/rplidar_ros/build/rplidar_ros
[2.353s] Level 1:colcon.colcon_core.environment:checking '/home/sharath/progs/rplidar/rplidar_ros/install/rplidar_ros' for CMake module files
[2.353s] Level 1:colcon.colcon_core.environment:checking '/home/sharath/progs/rplidar/rplidar_ros/install/rplidar_ros' for CMake config files
[2.353s] Level 1:colcon.colcon_core.shell:create_environment_hook('rplidar_ros', 'cmake_prefix_path')
[2.354s] INFO:colcon.colcon_core.shell:Creating environment hook '/home/sharath/progs/rplidar/rplidar_ros/install/rplidar_ros/share/rplidar_ros/hook/cmake_prefix_path.ps1'
[2.355s] INFO:colcon.colcon_core.shell:Creating environment descriptor '/home/sharath/progs/rplidar/rplidar_ros/install/rplidar_ros/share/rplidar_ros/hook/cmake_prefix_path.dsv'
[2.355s] INFO:colcon.colcon_core.shell:Creating environment hook '/home/sharath/progs/rplidar/rplidar_ros/install/rplidar_ros/share/rplidar_ros/hook/cmake_prefix_path.sh'
[2.356s] Level 1:colcon.colcon_core.environment:checking '/home/sharath/progs/rplidar/rplidar_ros/install/rplidar_ros/lib'
[2.356s] Level 1:colcon.colcon_core.environment:checking '/home/sharath/progs/rplidar/rplidar_ros/install/rplidar_ros/bin'
[2.356s] Level 1:colcon.colcon_core.environment:checking '/home/sharath/progs/rplidar/rplidar_ros/install/rplidar_ros/lib/pkgconfig/rplidar_ros.pc'
[2.357s] Level 1:colcon.colcon_core.environment:checking '/home/sharath/progs/rplidar/rplidar_ros/install/rplidar_ros/lib/python3.8/site-packages'
[2.357s] Level 1:colcon.colcon_core.environment:checking '/home/sharath/progs/rplidar/rplidar_ros/install/rplidar_ros/bin'
[2.358s] INFO:colcon.colcon_core.shell:Creating package script '/home/sharath/progs/rplidar/rplidar_ros/install/rplidar_ros/share/rplidar_ros/package.ps1'
[2.359s] INFO:colcon.colcon_core.shell:Creating package descriptor '/home/sharath/progs/rplidar/rplidar_ros/install/rplidar_ros/share/rplidar_ros/package.dsv'
[2.359s] INFO:colcon.colcon_core.shell:Creating package script '/home/sharath/progs/rplidar/rplidar_ros/install/rplidar_ros/share/rplidar_ros/package.sh'
[2.360s] INFO:colcon.colcon_core.shell:Creating package script '/home/sharath/progs/rplidar/rplidar_ros/install/rplidar_ros/share/rplidar_ros/package.bash'
[2.361s] INFO:colcon.colcon_core.shell:Creating package script '/home/sharath/progs/rplidar/rplidar_ros/install/rplidar_ros/share/rplidar_ros/package.zsh'
[2.361s] Level 1:colcon.colcon_core.environment:create_file_with_runtime_dependencies(/home/sharath/progs/rplidar/rplidar_ros/install/rplidar_ros/share/colcon-core/packages/rplidar_ros)
[2.417s] Level 1:colcon.colcon_core.environment:create_environment_scripts_only(rplidar_ros)
[2.418s] Level 1:colcon.colcon_core.environment:checking '/home/sharath/progs/rplidar/rplidar_ros/install/rplidar_ros' for CMake module files
[2.419s] Level 1:colcon.colcon_core.environment:checking '/home/sharath/progs/rplidar/rplidar_ros/install/rplidar_ros' for CMake config files
[2.419s] Level 1:colcon.colcon_core.shell:create_environment_hook('rplidar_ros', 'cmake_prefix_path')
[2.419s] INFO:colcon.colcon_core.shell:Creating environment hook '/home/sharath/progs/rplidar/rplidar_ros/install/rplidar_ros/share/rplidar_ros/hook/cmake_prefix_path.ps1'
[2.420s] INFO:colcon.colcon_core.shell:Creating environment descriptor '/home/sharath/progs/rplidar/rplidar_ros/install/rplidar_ros/share/rplidar_ros/hook/cmake_prefix_path.dsv'
[2.420s] INFO:colcon.colcon_core.shell:Creating environment hook '/home/sharath/progs/rplidar/rplidar_ros/install/rplidar_ros/share/rplidar_ros/hook/cmake_prefix_path.sh'
[2.421s] Level 1:colcon.colcon_core.environment:checking '/home/sharath/progs/rplidar/rplidar_ros/install/rplidar_ros/lib'
[2.421s] Level 1:colcon.colcon_core.environment:checking '/home/sharath/progs/rplidar/rplidar_ros/install/rplidar_ros/bin'
[2.421s] Level 1:colcon.colcon_core.environment:checking '/home/sharath/progs/rplidar/rplidar_ros/install/rplidar_ros/lib/pkgconfig/rplidar_ros.pc'
[2.421s] Level 1:colcon.colcon_core.environment:checking '/home/sharath/progs/rplidar/rplidar_ros/install/rplidar_ros/lib/python3.8/site-packages'
[2.421s] Level 1:colcon.colcon_core.environment:checking '/home/sharath/progs/rplidar/rplidar_ros/install/rplidar_ros/bin'
[2.422s] INFO:colcon.colcon_core.shell:Creating package script '/home/sharath/progs/rplidar/rplidar_ros/install/rplidar_ros/share/rplidar_ros/package.ps1'
[2.422s] INFO:colcon.colcon_core.shell:Creating package descriptor '/home/sharath/progs/rplidar/rplidar_ros/install/rplidar_ros/share/rplidar_ros/package.dsv'
[2.423s] INFO:colcon.colcon_core.shell:Creating package script '/home/sharath/progs/rplidar/rplidar_ros/install/rplidar_ros/share/rplidar_ros/package.sh'
[2.423s] INFO:colcon.colcon_core.shell:Creating package script '/home/sharath/progs/rplidar/rplidar_ros/install/rplidar_ros/share/rplidar_ros/package.bash'
[2.423s] INFO:colcon.colcon_core.shell:Creating package script '/home/sharath/progs/rplidar/rplidar_ros/install/rplidar_ros/share/rplidar_ros/package.zsh'
[2.424s] Level 1:colcon.colcon_core.environment:create_file_with_runtime_dependencies(/home/sharath/progs/rplidar/rplidar_ros/install/rplidar_ros/share/colcon-core/packages/rplidar_ros)
[2.424s] DEBUG:colcon.colcon_parallel_executor.executor.parallel:closing loop
[2.424s] DEBUG:colcon.colcon_parallel_executor.executor.parallel:loop closed
[2.425s] DEBUG:colcon.colcon_parallel_executor.executor.parallel:run_until_complete finished with '0'
[2.425s] DEBUG:colcon.colcon_core.event_reactor:joining thread
[2.430s] INFO:colcon.colcon_core.plugin_system:Skipping extension 'colcon_notification.desktop_notification.notify_send': Could not find 'notify-send'
[2.430s] INFO:colcon.colcon_core.plugin_system:Skipping extension 'colcon_notification.desktop_notification.terminal_notifier': Not used on non-Darwin systems
[2.431s] INFO:colcon.colcon_core.plugin_system:Skipping extension 'colcon_notification.desktop_notification.win32': Not used on non-Windows systems
[2.431s] INFO:colcon.colcon_notification.desktop_notification:Sending desktop notification using 'notify2'
[2.432s] DEBUG:colcon.colcon_notification.desktop_notification.notify2:Failed to initialize notify2: org.freedesktop.DBus.Error.Spawn.ExecFailed: /usr/bin/dbus-launch terminated abnormally without any error message
[2.432s] DEBUG:colcon.colcon_core.event_reactor:joined thread
[2.433s] INFO:colcon.colcon_core.shell:Creating prefix script '/home/sharath/progs/rplidar/rplidar_ros/install/local_setup.ps1'
[2.434s] INFO:colcon.colcon_core.shell:Creating prefix util module '/home/sharath/progs/rplidar/rplidar_ros/install/_local_setup_util_ps1.py'
[2.436s] INFO:colcon.colcon_core.shell:Creating prefix chain script '/home/sharath/progs/rplidar/rplidar_ros/install/setup.ps1'
[2.437s] INFO:colcon.colcon_core.shell:Creating prefix script '/home/sharath/progs/rplidar/rplidar_ros/install/local_setup.sh'
[2.438s] INFO:colcon.colcon_core.shell:Creating prefix util module '/home/sharath/progs/rplidar/rplidar_ros/install/_local_setup_util_sh.py'
[2.438s] INFO:colcon.colcon_core.shell:Creating prefix chain script '/home/sharath/progs/rplidar/rplidar_ros/install/setup.sh'
[2.440s] INFO:colcon.colcon_core.shell:Creating prefix script '/home/sharath/progs/rplidar/rplidar_ros/install/local_setup.bash'
[2.440s] INFO:colcon.colcon_core.shell:Creating prefix chain script '/home/sharath/progs/rplidar/rplidar_ros/install/setup.bash'
[2.441s] INFO:colcon.colcon_core.shell:Creating prefix script '/home/sharath/progs/rplidar/rplidar_ros/install/local_setup.zsh'
[2.442s] INFO:colcon.colcon_core.shell:Creating prefix chain script '/home/sharath/progs/rplidar/rplidar_ros/install/setup.zsh'
